[     345ms] [LOG] Attempting to add a component:  [Nav] @ https://one-versus-one.com/js/new/app.js?id=f3de0903224d98acc86203a96d46fa27:1
[     345ms] [LOG] Init page called for (0.02):  RankingsLanding @ https://one-versus-one.com/js/new/app.js?id=f3de0903224d98acc86203a96d46fa27:1
[     349ms] [VERBOSE] [DOM] Input elements should have autocomplete attributes (suggested: "current-password"): (More info: https://goo.gl/9p2vKq) %o @ https://one-versus-one.com/fr/classements/ligue-1/joueurs/indice-1vs1:0
[     349ms] [LOG] Component loaded:  Nav @ https://one-versus-one.com/js/new/app.js?id=f3de0903224d98acc86203a96d46fa27:1
[     350ms] [LOG] Attempting to add a component:  [Input, Dropdown, DropdownOutline, CheckButtons, DateRange, PersonalInfo, SearchNew] @ https://one-versus-one.com/js/new/app.js?id=f3de0903224d98acc86203a96d46fa27:1
[     350ms] [LOG] break:  332 @ https://one-versus-one.com/js/new/4352.dc133d9b1c9dea62.js:0
[     351ms] [LOG] Attempting to add a component:  [RankingFiltersPopup, RankingSearch, Bottomsheet, Tabs] @ https://one-versus-one.com/js/new/app.js?id=f3de0903224d98acc86203a96d46fa27:1
[     351ms] [LOG] Component loaded:  Input @ https://one-versus-one.com/js/new/app.js?id=f3de0903224d98acc86203a96d46fa27:1
[     351ms] [LOG] Component loaded:  Dropdown @ https://one-versus-one.com/js/new/app.js?id=f3de0903224d98acc86203a96d46fa27:1
[     351ms] [LOG] Component loaded:  DropdownOutline @ https://one-versus-one.com/js/new/app.js?id=f3de0903224d98acc86203a96d46fa27:1
[     355ms] [LOG] Component loaded:  CheckButtons @ https://one-versus-one.com/js/new/app.js?id=f3de0903224d98acc86203a96d46fa27:1
[     355ms] [LOG] Component loaded:  SearchNew @ https://one-versus-one.com/js/new/app.js?id=f3de0903224d98acc86203a96d46fa27:1
[     355ms] [LOG] Component loaded:  DateRange @ https://one-versus-one.com/js/new/app.js?id=f3de0903224d98acc86203a96d46fa27:1
[     355ms] [LOG] Component loaded:  PersonalInfo @ https://one-versus-one.com/js/new/app.js?id=f3de0903224d98acc86203a96d46fa27:1
[     355ms] [LOG] Component loaded:  RankingFiltersPopup @ https://one-versus-one.com/js/new/app.js?id=f3de0903224d98acc86203a96d46fa27:1
[     356ms] [LOG] Component loaded:  RankingSearch @ https://one-versus-one.com/js/new/app.js?id=f3de0903224d98acc86203a96d46fa27:1
[     356ms] [LOG] Component loaded:  Bottomsheet @ https://one-versus-one.com/js/new/app.js?id=f3de0903224d98acc86203a96d46fa27:1
[     356ms] [LOG] Component loaded:  Tabs @ https://one-versus-one.com/js/new/app.js?id=f3de0903224d98acc86203a96d46fa27:1
[     360ms] [LOG] CLVR-67730: v2.65.3 @ https://scripts.cleverwebserver.com/3ff0854b97d5114a408ffe770c02fefc.js:0
[     360ms] [LOG] CLVR-67730: 67730 @ https://scripts.cleverwebserver.com/3ff0854b97d5114a408ffe770c02fefc.js:0
[     360ms] [LOG] CLVR-67730: 2026-05-13 18:06:04 @ https://scripts.cleverwebserver.com/3ff0854b97d5114a408ffe770c02fefc.js:0
[     405ms] [LOG] CLVR-67730: UI Loaded @ https://scripts.cleverwebserver.com/3ff0854b97d5114a408ffe770c02fefc.js:0
[     406ms] [WARNING] Tracker ID not found @ https://scripts.cleverwebserver.com/3ff0854b97d5114a408ffe770c02fefc.js:0
