[     450ms] [LOG] Attempting to add a component:  [Nav] @ https://one-versus-one.com/js/new/app.js?id=f3de0903224d98acc86203a96d46fa27:1
[     458ms] [LOG] Init page called for (0.02):  RankingsLanding @ https://one-versus-one.com/js/new/app.js?id=f3de0903224d98acc86203a96d46fa27:1
[     617ms] [VERBOSE] [DOM] Input elements should have autocomplete attributes (suggested: "current-password"): (More info: https://goo.gl/9p2vKq) %o @ https://one-versus-one.com/fr/classements/ligue-1/joueurs/buts:0
[     621ms] [LOG] Attempting to add a component:  [RankingFiltersPopup, RankingSearch, Bottomsheet, Tabs] @ https://one-versus-one.com/js/new/app.js?id=f3de0903224d98acc86203a96d46fa27:1
[     623ms] [LOG] Component loaded:  Nav @ https://one-versus-one.com/js/new/app.js?id=f3de0903224d98acc86203a96d46fa27:1
[     623ms] [LOG] Attempting to add a component:  [Input, Dropdown, DropdownOutline, CheckButtons, DateRange, PersonalInfo, SearchNew] @ https://one-versus-one.com/js/new/app.js?id=f3de0903224d98acc86203a96d46fa27:1
[     626ms] [LOG] break:  332 @ https://one-versus-one.com/js/new/4352.dc133d9b1c9dea62.js:0
[     657ms] [LOG] Component loaded:  Tabs @ https://one-versus-one.com/js/new/app.js?id=f3de0903224d98acc86203a96d46fa27:1
[     657ms] [LOG] Component loaded:  Input @ https://one-versus-one.com/js/new/app.js?id=f3de0903224d98acc86203a96d46fa27:1
[     660ms] [LOG] Component loaded:  Dropdown @ https://one-versus-one.com/js/new/app.js?id=f3de0903224d98acc86203a96d46fa27:1
[     661ms] [LOG] Component loaded:  DropdownOutline @ https://one-versus-one.com/js/new/app.js?id=f3de0903224d98acc86203a96d46fa27:1
[     667ms] [LOG] CLVR-67730: v2.65.3 @ https://scripts.cleverwebserver.com/3ff0854b97d5114a408ffe770c02fefc.js:0
[     667ms] [LOG] CLVR-67730: 67730 @ https://scripts.cleverwebserver.com/3ff0854b97d5114a408ffe770c02fefc.js:0
[     667ms] [LOG] CLVR-67730: 2026-05-13 18:06:04 @ https://scripts.cleverwebserver.com/3ff0854b97d5114a408ffe770c02fefc.js:0
[     669ms] [LOG] Component loaded:  PersonalInfo @ https://one-versus-one.com/js/new/app.js?id=f3de0903224d98acc86203a96d46fa27:1
[     669ms] [LOG] Component loaded:  DateRange @ https://one-versus-one.com/js/new/app.js?id=f3de0903224d98acc86203a96d46fa27:1
[     672ms] [LOG] Component loaded:  RankingFiltersPopup @ https://one-versus-one.com/js/new/app.js?id=f3de0903224d98acc86203a96d46fa27:1
[     835ms] [LOG] Component loaded:  RankingSearch @ https://one-versus-one.com/js/new/app.js?id=f3de0903224d98acc86203a96d46fa27:1
[     847ms] [LOG] Component loaded:  SearchNew @ https://one-versus-one.com/js/new/app.js?id=f3de0903224d98acc86203a96d46fa27:1
[     848ms] [LOG] Component loaded:  Bottomsheet @ https://one-versus-one.com/js/new/app.js?id=f3de0903224d98acc86203a96d46fa27:1
[     867ms] [LOG] Component loaded:  CheckButtons @ https://one-versus-one.com/js/new/app.js?id=f3de0903224d98acc86203a96d46fa27:1
[     870ms] [LOG] CLVR-67730: UI Loaded @ https://scripts.cleverwebserver.com/3ff0854b97d5114a408ffe770c02fefc.js:0
[     874ms] [WARNING] Tracker ID not found @ https://scripts.cleverwebserver.com/3ff0854b97d5114a408ffe770c02fefc.js:0
